{
  "stats": {
    "suites": 1,
    "tests": 2,
    "passes": 2,
    "pending": 0,
    "failures": 0,
    "start": "2021-06-17T07:54:39.593Z",
    "end": "2021-06-17T07:54:41.492Z",
    "duration": 1899,
    "testsRegistered": 2,
    "passPercent": 100,
    "pendingPercent": 0,
    "other": 0,
    "hasOther": false,
    "skipped": 0,
    "hasSkipped": false
  },
  "results": [
    {
      "uuid": "d5db79e0-81ac-423e-a8c0-129b27fd687c",
      "title": "",
      "fullFile": "cypress/integration/herokuapp/dropdown.spec.ts",
      "file": "cypress/integration/herokuapp/dropdown.spec.ts",
      "beforeHooks": [],
      "afterHooks": [],
      "tests": [],
      "suites": [
        {
          "uuid": "8bb3b5e3-38a4-4c82-8d98-dff8ec7fb6d9",
          "title": "Dropdown List",
          "fullFile": "",
          "file": "",
          "beforeHooks": [],
          "afterHooks": [],
          "tests": [
            {
              "title": "should have the correct tagline",
              "fullTitle": "Dropdown List should have the correct tagline",
              "timedOut": null,
              "duration": 1461,
              "state": "passed",
              "speed": "slow",
              "pass": true,
              "fail": false,
              "pending": false,
              "context": null,
              "code": "utils.assertTagLine(data.dropdown.tagLine);",
              "err": {},
              "uuid": "64d2dce6-b1a1-4821-94af-875c7ee2f311",
              "parentUUID": "8bb3b5e3-38a4-4c82-8d98-dff8ec7fb6d9",
              "isHook": false,
              "skipped": false
            },
            {
              "title": "should select option 2",
              "fullTitle": "Dropdown List should select option 2",
              "timedOut": null,
              "duration": 412,
              "state": "passed",
              "speed": "slow",
              "pass": true,
              "fail": false,
              "pending": false,
              "context": null,
              "code": "dropdown.getSelectedValue().should('have.text', 'Please select an option');\ndropdown.selectOption(\"2\");\ndropdown.selectedOptionShouldHaveValue(2);",
              "err": {},
              "uuid": "a718a05f-0bab-442c-88dc-6982e4b73224",
              "parentUUID": "8bb3b5e3-38a4-4c82-8d98-dff8ec7fb6d9",
              "isHook": false,
              "skipped": false
            }
          ],
          "suites": [],
          "passes": [
            "64d2dce6-b1a1-4821-94af-875c7ee2f311",
            "a718a05f-0bab-442c-88dc-6982e4b73224"
          ],
          "failures": [],
          "pending": [],
          "skipped": [],
          "duration": 1873,
          "root": false,
          "rootEmpty": false,
          "_timeout": 2000
        }
      ],
      "passes": [],
      "failures": [],
      "pending": [],
      "skipped": [],
      "duration": 0,
      "root": true,
      "rootEmpty": true,
      "_timeout": 2000
    }
  ],
  "meta": {
    "mocha": {
      "version": "7.0.1"
    },
    "mochawesome": {
      "options": {
        "quiet": false,
        "reportFilename": "mochawesome",
        "saveHtml": false,
        "saveJson": true,
        "consoleReporter": "spec",
        "useInlineDiffs": false,
        "code": true
      },
      "version": "6.2.2"
    },
    "marge": {
      "options": {
        "overwrite": false,
        "html": false,
        "json": true
      },
      "version": "5.2.0"
    }
  }
}