{
  "stats": {
    "suites": 1,
    "tests": 4,
    "passes": 4,
    "pending": 0,
    "failures": 0,
    "start": "2021-06-17T07:56:50.205Z",
    "end": "2021-06-17T07:56:52.473Z",
    "duration": 2268,
    "testsRegistered": 4,
    "passPercent": 100,
    "pendingPercent": 0,
    "other": 0,
    "hasOther": false,
    "skipped": 0,
    "hasSkipped": false
  },
  "results": [
    {
      "uuid": "e6b148cb-0364-485b-87b6-f3f9b5bb40db",
      "title": "",
      "fullFile": "cypress/integration/herokuapp/js-alerts.spec.ts",
      "file": "cypress/integration/herokuapp/js-alerts.spec.ts",
      "beforeHooks": [],
      "afterHooks": [],
      "tests": [],
      "suites": [
        {
          "uuid": "d4665293-b692-4bcb-bc62-8df9f7d47ed6",
          "title": "JavaScript Alerts",
          "fullFile": "",
          "file": "",
          "beforeHooks": [],
          "afterHooks": [],
          "tests": [
            {
              "title": "should have the correct tagline",
              "fullTitle": "JavaScript Alerts should have the correct tagline",
              "timedOut": null,
              "duration": 1301,
              "state": "passed",
              "speed": "slow",
              "pass": true,
              "fail": false,
              "pending": false,
              "context": null,
              "code": "utils.assertTagLine(data.js_alerts.tagLine);",
              "err": {},
              "uuid": "1b1b30b7-e6d9-4a66-9f0a-d92105475dbf",
              "parentUUID": "d4665293-b692-4bcb-bc62-8df9f7d47ed6",
              "isHook": false,
              "skipped": false
            },
            {
              "title": "should assert correct alert",
              "fullTitle": "JavaScript Alerts should assert correct alert",
              "timedOut": null,
              "duration": 324,
              "state": "passed",
              "speed": "slow",
              "pass": true,
              "fail": false,
              "pending": false,
              "context": null,
              "code": "alerts.getAlertButton().click();\nalerts.getResult().should('have.text', 'You successfully clicked an alert');",
              "err": {},
              "uuid": "4a91985b-3040-451c-a69f-52a149781c86",
              "parentUUID": "d4665293-b692-4bcb-bc62-8df9f7d47ed6",
              "isHook": false,
              "skipped": false
            },
            {
              "title": "should assert correct confirm",
              "fullTitle": "JavaScript Alerts should assert correct confirm",
              "timedOut": null,
              "duration": 309,
              "state": "passed",
              "speed": "slow",
              "pass": true,
              "fail": false,
              "pending": false,
              "context": null,
              "code": "alerts.getConfirmButton().click();\nalerts.getResult().should('have.text', 'You clicked: Ok');",
              "err": {},
              "uuid": "b1734ee5-be36-4d39-8c25-9fd42e0028cd",
              "parentUUID": "d4665293-b692-4bcb-bc62-8df9f7d47ed6",
              "isHook": false,
              "skipped": false
            },
            {
              "title": "should assert correct prompt",
              "fullTitle": "JavaScript Alerts should assert correct prompt",
              "timedOut": null,
              "duration": 303,
              "state": "passed",
              "speed": "slow",
              "pass": true,
              "fail": false,
              "pending": false,
              "context": null,
              "code": "alerts.getPromptButton().click();\nalerts.getResult().should('have.text', 'You entered: null');",
              "err": {},
              "uuid": "9c44271d-3759-47cd-b8c8-46e37c525d6b",
              "parentUUID": "d4665293-b692-4bcb-bc62-8df9f7d47ed6",
              "isHook": false,
              "skipped": false
            }
          ],
          "suites": [],
          "passes": [
            "1b1b30b7-e6d9-4a66-9f0a-d92105475dbf",
            "4a91985b-3040-451c-a69f-52a149781c86",
            "b1734ee5-be36-4d39-8c25-9fd42e0028cd",
            "9c44271d-3759-47cd-b8c8-46e37c525d6b"
          ],
          "failures": [],
          "pending": [],
          "skipped": [],
          "duration": 2237,
          "root": false,
          "rootEmpty": false,
          "_timeout": 2000
        }
      ],
      "passes": [],
      "failures": [],
      "pending": [],
      "skipped": [],
      "duration": 0,
      "root": true,
      "rootEmpty": true,
      "_timeout": 2000
    }
  ],
  "meta": {
    "mocha": {
      "version": "7.0.1"
    },
    "mochawesome": {
      "options": {
        "quiet": false,
        "reportFilename": "mochawesome",
        "saveHtml": false,
        "saveJson": true,
        "consoleReporter": "spec",
        "useInlineDiffs": false,
        "code": true
      },
      "version": "6.2.2"
    },
    "marge": {
      "options": {
        "overwrite": false,
        "html": false,
        "json": true
      },
      "version": "5.2.0"
    }
  }
}