{
  "stats": {
    "suites": 1,
    "tests": 2,
    "passes": 2,
    "pending": 0,
    "failures": 0,
    "start": "2021-06-17T07:54:29.742Z",
    "end": "2021-06-17T07:54:31.638Z",
    "duration": 1896,
    "testsRegistered": 2,
    "passPercent": 100,
    "pendingPercent": 0,
    "other": 0,
    "hasOther": false,
    "skipped": 0,
    "hasSkipped": false
  },
  "results": [
    {
      "uuid": "e6fa6585-f0bf-4274-ae47-4bdba007181c",
      "title": "",
      "fullFile": "cypress/integration/herokuapp/disappearing-elements.spec.ts",
      "file": "cypress/integration/herokuapp/disappearing-elements.spec.ts",
      "beforeHooks": [],
      "afterHooks": [],
      "tests": [],
      "suites": [
        {
          "uuid": "805c94f9-06e1-4055-9e32-92f392b98ac5",
          "title": "Disappearing Elements",
          "fullFile": "",
          "file": "",
          "beforeHooks": [],
          "afterHooks": [],
          "tests": [
            {
              "title": "should have the correct tagline",
              "fullTitle": "Disappearing Elements should have the correct tagline",
              "timedOut": null,
              "duration": 1640,
              "state": "passed",
              "speed": "slow",
              "pass": true,
              "fail": false,
              "pending": false,
              "context": null,
              "code": "utils.assertTagLine(data.disappearing_elements.tagLine);",
              "err": {},
              "uuid": "bf829084-9ef5-44e8-9856-efb065667a1a",
              "parentUUID": "805c94f9-06e1-4055-9e32-92f392b98ac5",
              "isHook": false,
              "skipped": false
            },
            {
              "title": "should correctly assert the last item",
              "fullTitle": "Disappearing Elements should correctly assert the last item",
              "timedOut": null,
              "duration": 227,
              "state": "passed",
              "speed": "slow",
              "pass": true,
              "fail": false,
              "pending": false,
              "context": null,
              "code": "disElem.assertLastElement();",
              "err": {},
              "uuid": "edee5869-91a1-4bff-bb4b-caf8bfcf2717",
              "parentUUID": "805c94f9-06e1-4055-9e32-92f392b98ac5",
              "isHook": false,
              "skipped": false
            }
          ],
          "suites": [],
          "passes": [
            "bf829084-9ef5-44e8-9856-efb065667a1a",
            "edee5869-91a1-4bff-bb4b-caf8bfcf2717"
          ],
          "failures": [],
          "pending": [],
          "skipped": [],
          "duration": 1867,
          "root": false,
          "rootEmpty": false,
          "_timeout": 2000
        }
      ],
      "passes": [],
      "failures": [],
      "pending": [],
      "skipped": [],
      "duration": 0,
      "root": true,
      "rootEmpty": true,
      "_timeout": 2000
    }
  ],
  "meta": {
    "mocha": {
      "version": "7.0.1"
    },
    "mochawesome": {
      "options": {
        "quiet": false,
        "reportFilename": "mochawesome",
        "saveHtml": false,
        "saveJson": true,
        "consoleReporter": "spec",
        "useInlineDiffs": false,
        "code": true
      },
      "version": "6.2.2"
    },
    "marge": {
      "options": {
        "overwrite": false,
        "html": false,
        "json": true
      },
      "version": "5.2.0"
    }
  }
}