{
  "stats": {
    "suites": 1,
    "tests": 2,
    "passes": 1,
    "pending": 0,
    "failures": 1,
    "start": "2021-06-17T07:56:29.896Z",
    "end": "2021-06-17T07:56:35.934Z",
    "duration": 6038,
    "testsRegistered": 2,
    "passPercent": 50,
    "pendingPercent": 0,
    "other": 0,
    "hasOther": false,
    "skipped": 0,
    "hasSkipped": false
  },
  "results": [
    {
      "uuid": "af854658-29fb-4310-9f1c-3cbc709559b2",
      "title": "",
      "fullFile": "cypress/integration/herokuapp/hover.spec.ts",
      "file": "cypress/integration/herokuapp/hover.spec.ts",
      "beforeHooks": [],
      "afterHooks": [],
      "tests": [],
      "suites": [
        {
          "uuid": "b3b741c6-6b22-4a9e-bc81-9ad05a144472",
          "title": "Hovers",
          "fullFile": "",
          "file": "",
          "beforeHooks": [],
          "afterHooks": [],
          "tests": [
            {
              "title": "should have the correct tagline",
              "fullTitle": "Hovers should have the correct tagline",
              "timedOut": null,
              "duration": 1312,
              "state": "passed",
              "speed": "slow",
              "pass": true,
              "fail": false,
              "pending": false,
              "context": null,
              "code": "utils.assertTagLine(data.hovers.tagLine);",
              "err": {},
              "uuid": "79772486-4388-4fb8-9c6f-c5b0a9dfbd90",
              "parentUUID": "b3b741c6-6b22-4a9e-bc81-9ad05a144472",
              "isHook": false,
              "skipped": false
            },
            {
              "title": "should display caption on hover",
              "fullTitle": "Hovers should display caption on hover",
              "timedOut": null,
              "duration": 4676,
              "state": "failed",
              "speed": null,
              "pass": false,
              "fail": true,
              "pending": false,
              "context": null,
              "code": "hover.captionIsNotVisible(1);\nhover.hoverImage(1);\nhover.captionIsVisible(1);",
              "err": {
                "message": "AssertionError: Timed out retrying after 4000ms: expected '<h5>' to be 'visible'\n\nThis element `<h5>` is not visible because its parent `<div.figcaption>` has CSS property: `display: none`",
                "estack": "AssertionError: Timed out retrying after 4000ms: expected '<h5>' to be 'visible'\n\nThis element `<h5>` is not visible because its parent `<div.figcaption>` has CSS property: `display: none`\n    at Hover../cypress/support/page-objects/hover.ts.Hover.captionIsVisible (http://the-internet.herokuapp.com/__cypress/tests?p=cypress/integration/herokuapp/hover.spec.ts:175:39)\n    at Context.eval (http://the-internet.herokuapp.com/__cypress/tests?p=cypress/integration/herokuapp/hover.spec.ts:145:15)",
                "diff": null
              },
              "uuid": "d173d81f-2c8c-4ec2-94bd-e6da21930050",
              "parentUUID": "b3b741c6-6b22-4a9e-bc81-9ad05a144472",
              "isHook": false,
              "skipped": false
            }
          ],
          "suites": [],
          "passes": [
            "79772486-4388-4fb8-9c6f-c5b0a9dfbd90"
          ],
          "failures": [
            "d173d81f-2c8c-4ec2-94bd-e6da21930050"
          ],
          "pending": [],
          "skipped": [],
          "duration": 5988,
          "root": false,
          "rootEmpty": false,
          "_timeout": 2000
        }
      ],
      "passes": [],
      "failures": [],
      "pending": [],
      "skipped": [],
      "duration": 0,
      "root": true,
      "rootEmpty": true,
      "_timeout": 2000
    }
  ],
  "meta": {
    "mocha": {
      "version": "7.0.1"
    },
    "mochawesome": {
      "options": {
        "quiet": false,
        "reportFilename": "mochawesome",
        "saveHtml": false,
        "saveJson": true,
        "consoleReporter": "spec",
        "useInlineDiffs": false,
        "code": true
      },
      "version": "6.2.2"
    },
    "marge": {
      "options": {
        "overwrite": false,
        "html": false,
        "json": true
      },
      "version": "5.2.0"
    }
  }
}