{
  "stats": {
    "suites": 1,
    "tests": 3,
    "passes": 2,
    "pending": 0,
    "failures": 1,
    "start": "2021-06-17T07:56:00.556Z",
    "end": "2021-06-17T07:56:07.926Z",
    "duration": 7370,
    "testsRegistered": 3,
    "passPercent": 66.66666666666666,
    "pendingPercent": 0,
    "other": 0,
    "hasOther": false,
    "skipped": 0,
    "hasSkipped": false
  },
  "results": [
    {
      "uuid": "273831bd-7ad0-4492-a4f9-0315e5b1e141",
      "title": "",
      "fullFile": "cypress/integration/herokuapp/forgot-password.spec.ts",
      "file": "cypress/integration/herokuapp/forgot-password.spec.ts",
      "beforeHooks": [],
      "afterHooks": [],
      "tests": [],
      "suites": [
        {
          "uuid": "962b4eb0-d173-4b85-b754-a0ca0c95656d",
          "title": "Forgot Password",
          "fullFile": "",
          "file": "",
          "beforeHooks": [],
          "afterHooks": [],
          "tests": [
            {
              "title": "should have the correct tagline",
              "fullTitle": "Forgot Password should have the correct tagline",
              "timedOut": null,
              "duration": 1376,
              "state": "passed",
              "speed": "slow",
              "pass": true,
              "fail": false,
              "pending": false,
              "context": null,
              "code": "utils.assertTagLine(data.forgot_password.tagLine);",
              "err": {},
              "uuid": "b8be293c-a9ce-4e09-b4b4-65ce2aa39c2c",
              "parentUUID": "962b4eb0-d173-4b85-b754-a0ca0c95656d",
              "isHook": false,
              "skipped": false
            },
            {
              "title": "should submit with empty input",
              "fullTitle": "Forgot Password should submit with empty input",
              "timedOut": null,
              "duration": 633,
              "state": "passed",
              "speed": "slow",
              "pass": true,
              "fail": false,
              "pending": false,
              "context": null,
              "code": "forgotPass.emptySubmission();",
              "err": {},
              "uuid": "31d0c3cc-2121-4c60-a71b-67d2b355fc14",
              "parentUUID": "962b4eb0-d173-4b85-b754-a0ca0c95656d",
              "isHook": false,
              "skipped": false
            },
            {
              "title": "should submit with good input",
              "fullTitle": "Forgot Password should submit with good input",
              "timedOut": null,
              "duration": 5315,
              "state": "failed",
              "speed": null,
              "pass": false,
              "fail": true,
              "pending": false,
              "context": null,
              "code": "forgotPass.goodSubmission();",
              "err": {
                "message": "AssertionError: Timed out retrying after 4000ms: expected 'http://the-internet.herokuapp.com/forgot_password' to include 'email_sent'",
                "estack": "AssertionError: Timed out retrying after 4000ms: expected 'http://the-internet.herokuapp.com/forgot_password' to include 'email_sent'\n    at ForgotPassword../cypress/support/page-objects/forgot-password.ts.ForgotPassword.goodSubmission (http://the-internet.herokuapp.com/__cypress/tests?p=cypress/integration/herokuapp/forgot-password.spec.ts:182:18)\n    at Context.eval (http://the-internet.herokuapp.com/__cypress/tests?p=cypress/integration/herokuapp/forgot-password.spec.ts:146:20)",
                "diff": null
              },
              "uuid": "dc74ab8a-fb66-46d5-b0fb-6fdc072e29f8",
              "parentUUID": "962b4eb0-d173-4b85-b754-a0ca0c95656d",
              "isHook": false,
              "skipped": false
            }
          ],
          "suites": [],
          "passes": [
            "b8be293c-a9ce-4e09-b4b4-65ce2aa39c2c",
            "31d0c3cc-2121-4c60-a71b-67d2b355fc14"
          ],
          "failures": [
            "dc74ab8a-fb66-46d5-b0fb-6fdc072e29f8"
          ],
          "pending": [],
          "skipped": [],
          "duration": 7324,
          "root": false,
          "rootEmpty": false,
          "_timeout": 2000
        }
      ],
      "passes": [],
      "failures": [],
      "pending": [],
      "skipped": [],
      "duration": 0,
      "root": true,
      "rootEmpty": true,
      "_timeout": 2000
    }
  ],
  "meta": {
    "mocha": {
      "version": "7.0.1"
    },
    "mochawesome": {
      "options": {
        "quiet": false,
        "reportFilename": "mochawesome",
        "saveHtml": false,
        "saveJson": true,
        "consoleReporter": "spec",
        "useInlineDiffs": false,
        "code": true
      },
      "version": "6.2.2"
    },
    "marge": {
      "options": {
        "overwrite": false,
        "html": false,
        "json": true
      },
      "version": "5.2.0"
    }
  }
}