{
  "stats": {
    "suites": 1,
    "tests": 2,
    "passes": 2,
    "pending": 0,
    "failures": 0,
    "start": "2021-06-17T07:56:38.926Z",
    "end": "2021-06-17T07:56:41.737Z",
    "duration": 2811,
    "testsRegistered": 2,
    "passPercent": 100,
    "pendingPercent": 0,
    "other": 0,
    "hasOther": false,
    "skipped": 0,
    "hasSkipped": false
  },
  "results": [
    {
      "uuid": "bc3f642b-2e61-4885-9679-826a1faf8066",
      "title": "",
      "fullFile": "cypress/integration/herokuapp/infinite-scroll.spec.ts",
      "file": "cypress/integration/herokuapp/infinite-scroll.spec.ts",
      "beforeHooks": [],
      "afterHooks": [],
      "tests": [],
      "suites": [
        {
          "uuid": "50e1f3d2-7dfc-4b5c-bd53-a2f2f48bff87",
          "title": "Infinite Scroll",
          "fullFile": "",
          "file": "",
          "beforeHooks": [],
          "afterHooks": [],
          "tests": [
            {
              "title": "should have the correct tagline",
              "fullTitle": "Infinite Scroll should have the correct tagline",
              "timedOut": null,
              "duration": 1673,
              "state": "passed",
              "speed": "slow",
              "pass": true,
              "fail": false,
              "pending": false,
              "context": null,
              "code": "utils.assertTagLine(data.infinite_scroll.tagLine);",
              "err": {},
              "uuid": "e99ded50-f81e-46bc-9af2-49c1b0cfb221",
              "parentUUID": "50e1f3d2-7dfc-4b5c-bd53-a2f2f48bff87",
              "isHook": false,
              "skipped": false
            },
            {
              "title": "should scroll to footer",
              "fullTitle": "Infinite Scroll should scroll to footer",
              "timedOut": null,
              "duration": 1106,
              "state": "passed",
              "speed": "slow",
              "pass": true,
              "fail": false,
              "pending": false,
              "context": null,
              "code": "infinite_scroll.assertNoChildrenToBeEqualTo(2);\ncy.scrollTo(0, 1000);\ninfinite_scroll.assertNoChildrenToBeEqualTo(3);\ncy.wait(500);\ncy.scrollTo(0, 2000);\ninfinite_scroll.assertNoChildrenToBeEqualTo(4);",
              "err": {},
              "uuid": "1b1fed84-faff-4396-8a0d-d2922993eaef",
              "parentUUID": "50e1f3d2-7dfc-4b5c-bd53-a2f2f48bff87",
              "isHook": false,
              "skipped": false
            }
          ],
          "suites": [],
          "passes": [
            "e99ded50-f81e-46bc-9af2-49c1b0cfb221",
            "1b1fed84-faff-4396-8a0d-d2922993eaef"
          ],
          "failures": [],
          "pending": [],
          "skipped": [],
          "duration": 2779,
          "root": false,
          "rootEmpty": false,
          "_timeout": 2000
        }
      ],
      "passes": [],
      "failures": [],
      "pending": [],
      "skipped": [],
      "duration": 0,
      "root": true,
      "rootEmpty": true,
      "_timeout": 2000
    }
  ],
  "meta": {
    "mocha": {
      "version": "7.0.1"
    },
    "mochawesome": {
      "options": {
        "quiet": false,
        "reportFilename": "mochawesome",
        "saveHtml": false,
        "saveJson": true,
        "consoleReporter": "spec",
        "useInlineDiffs": false,
        "code": true
      },
      "version": "6.2.2"
    },
    "marge": {
      "options": {
        "overwrite": false,
        "html": false,
        "json": true
      },
      "version": "5.2.0"
    }
  }
}