{
  "stats": {
    "suites": 1,
    "tests": 3,
    "passes": 3,
    "pending": 0,
    "failures": 0,
    "start": "2021-06-17T07:54:19.096Z",
    "end": "2021-06-17T07:54:21.312Z",
    "duration": 2216,
    "testsRegistered": 3,
    "passPercent": 100,
    "pendingPercent": 0,
    "other": 0,
    "hasOther": false,
    "skipped": 0,
    "hasSkipped": false
  },
  "results": [
    {
      "uuid": "823da09e-b4ce-4e64-b2d7-73a87512b574",
      "title": "",
      "fullFile": "cypress/integration/herokuapp/checkboxes.spec.ts",
      "file": "cypress/integration/herokuapp/checkboxes.spec.ts",
      "beforeHooks": [],
      "afterHooks": [],
      "tests": [],
      "suites": [
        {
          "uuid": "09099257-285d-4e4f-9aea-3f3085f48dc5",
          "title": "Checkboxes",
          "fullFile": "",
          "file": "",
          "beforeHooks": [],
          "afterHooks": [],
          "tests": [
            {
              "title": "should have the correct tagline",
              "fullTitle": "Checkboxes should have the correct tagline",
              "timedOut": null,
              "duration": 1554,
              "state": "passed",
              "speed": "slow",
              "pass": true,
              "fail": false,
              "pending": false,
              "context": null,
              "code": "utils.assertTagLine(data.checkboxes.tagLine);",
              "err": {},
              "uuid": "ba772d91-8f0d-4126-884a-4e539fba6a94",
              "parentUUID": "09099257-285d-4e4f-9aea-3f3085f48dc5",
              "isHook": false,
              "skipped": false
            },
            {
              "title": "asserts checkbox1 is unchecked and checkbox 2 is checked",
              "fullTitle": "Checkboxes asserts checkbox1 is unchecked and checkbox 2 is checked",
              "timedOut": null,
              "duration": 221,
              "state": "passed",
              "speed": "slow",
              "pass": true,
              "fail": false,
              "pending": false,
              "context": null,
              "code": "checkbox.assertNthCheckboxIsUnchecked(0);\ncheckbox.assertNthCheckboxIsChecked(1);",
              "err": {},
              "uuid": "c027939a-97bd-4c06-b2a1-781a305fd4bf",
              "parentUUID": "09099257-285d-4e4f-9aea-3f3085f48dc5",
              "isHook": false,
              "skipped": false
            },
            {
              "title": "checks checkbox 1 and unchecks checkox 2",
              "fullTitle": "Checkboxes checks checkbox 1 and unchecks checkox 2",
              "timedOut": null,
              "duration": 406,
              "state": "passed",
              "speed": "slow",
              "pass": true,
              "fail": false,
              "pending": false,
              "context": null,
              "code": "checkbox.checkNthCheckbox(0);\ncheckbox.uncheckNthCheckbox(1);\ncheckbox.assertNthCheckboxIsChecked(0);\ncheckbox.assertNthCheckboxIsUnchecked(1);",
              "err": {},
              "uuid": "5c1de947-ce3a-4e20-a158-bb28a69bda44",
              "parentUUID": "09099257-285d-4e4f-9aea-3f3085f48dc5",
              "isHook": false,
              "skipped": false
            }
          ],
          "suites": [],
          "passes": [
            "ba772d91-8f0d-4126-884a-4e539fba6a94",
            "c027939a-97bd-4c06-b2a1-781a305fd4bf",
            "5c1de947-ce3a-4e20-a158-bb28a69bda44"
          ],
          "failures": [],
          "pending": [],
          "skipped": [],
          "duration": 2181,
          "root": false,
          "rootEmpty": false,
          "_timeout": 2000
        }
      ],
      "passes": [],
      "failures": [],
      "pending": [],
      "skipped": [],
      "duration": 0,
      "root": true,
      "rootEmpty": true,
      "_timeout": 2000
    }
  ],
  "meta": {
    "mocha": {
      "version": "7.0.1"
    },
    "mochawesome": {
      "options": {
        "quiet": false,
        "reportFilename": "mochawesome",
        "saveHtml": false,
        "saveJson": true,
        "consoleReporter": "spec",
        "useInlineDiffs": false,
        "code": true
      },
      "version": "6.2.2"
    },
    "marge": {
      "options": {
        "overwrite": false,
        "html": false,
        "json": true
      },
      "version": "5.2.0"
    }
  }
}