{
  "stats": {
    "suites": 1,
    "tests": 2,
    "passes": 2,
    "pending": 0,
    "failures": 0,
    "start": "2021-06-17T07:57:04.037Z",
    "end": "2021-06-17T07:57:06.303Z",
    "duration": 2266,
    "testsRegistered": 2,
    "passPercent": 100,
    "pendingPercent": 0,
    "other": 0,
    "hasOther": false,
    "skipped": 0,
    "hasSkipped": false
  },
  "results": [
    {
      "uuid": "045965fc-38a3-488a-abb6-044234a2afe7",
      "title": "",
      "fullFile": "cypress/integration/herokuapp/redirection.spec.ts",
      "file": "cypress/integration/herokuapp/redirection.spec.ts",
      "beforeHooks": [],
      "afterHooks": [],
      "tests": [],
      "suites": [
        {
          "uuid": "46b4de18-3217-4b13-a5ca-07ff8f689ce5",
          "title": "Redirection",
          "fullFile": "",
          "file": "",
          "beforeHooks": [],
          "afterHooks": [],
          "tests": [
            {
              "title": "should have the correct tagline",
              "fullTitle": "Redirection should have the correct tagline",
              "timedOut": null,
              "duration": 1286,
              "state": "passed",
              "speed": "slow",
              "pass": true,
              "fail": false,
              "pending": false,
              "context": null,
              "code": "utils.assertTagLine(data.redirect_link.tagLine);",
              "err": {},
              "uuid": "11d874c0-c56f-401c-bbd8-10873414e8d6",
              "parentUUID": "46b4de18-3217-4b13-a5ca-07ff8f689ce5",
              "isHook": false,
              "skipped": false
            },
            {
              "title": "should succefully redirect user to status codes page",
              "fullTitle": "Redirection should succefully redirect user to status codes page",
              "timedOut": null,
              "duration": 953,
              "state": "passed",
              "speed": "slow",
              "pass": true,
              "fail": false,
              "pending": false,
              "context": null,
              "code": "cy.get('a[href=\"redirect\"]').click();\ncy.url().should('eq', 'http://the-internet.herokuapp.com/status_codes');",
              "err": {},
              "uuid": "03cec72d-ef49-48ab-abe8-e4d38ac44356",
              "parentUUID": "46b4de18-3217-4b13-a5ca-07ff8f689ce5",
              "isHook": false,
              "skipped": false
            }
          ],
          "suites": [],
          "passes": [
            "11d874c0-c56f-401c-bbd8-10873414e8d6",
            "03cec72d-ef49-48ab-abe8-e4d38ac44356"
          ],
          "failures": [],
          "pending": [],
          "skipped": [],
          "duration": 2239,
          "root": false,
          "rootEmpty": false,
          "_timeout": 2000
        }
      ],
      "passes": [],
      "failures": [],
      "pending": [],
      "skipped": [],
      "duration": 0,
      "root": true,
      "rootEmpty": true,
      "_timeout": 2000
    }
  ],
  "meta": {
    "mocha": {
      "version": "7.0.1"
    },
    "mochawesome": {
      "options": {
        "quiet": false,
        "reportFilename": "mochawesome",
        "saveHtml": false,
        "saveJson": true,
        "consoleReporter": "spec",
        "useInlineDiffs": false,
        "code": true
      },
      "version": "6.2.2"
    },
    "marge": {
      "options": {
        "overwrite": false,
        "html": false,
        "json": true
      },
      "version": "5.2.0"
    }
  }
}