{
  "stats": {
    "suites": 1,
    "tests": 1,
    "passes": 0,
    "pending": 0,
    "failures": 1,
    "start": "2021-06-17T07:56:55.379Z",
    "end": "2021-06-17T07:56:56.391Z",
    "duration": 1012,
    "testsRegistered": 1,
    "passPercent": 0,
    "pendingPercent": 0,
    "other": 0,
    "hasOther": false,
    "skipped": 0,
    "hasSkipped": false
  },
  "results": [
    {
      "uuid": "5429c134-152f-4f78-8b49-36afe4e3c40f",
      "title": "",
      "fullFile": "cypress/integration/herokuapp/js-error.spec.ts",
      "file": "cypress/integration/herokuapp/js-error.spec.ts",
      "beforeHooks": [],
      "afterHooks": [],
      "tests": [],
      "suites": [
        {
          "uuid": "1baf6f0f-19f1-4db2-b415-720d8a5612ff",
          "title": "JavaScript onload event error",
          "fullFile": "",
          "file": "",
          "beforeHooks": [],
          "afterHooks": [],
          "tests": [
            {
              "title": "should have the correct tagline",
              "fullTitle": "JavaScript onload event error should have the correct tagline",
              "timedOut": null,
              "duration": 997,
              "state": "failed",
              "speed": null,
              "pass": false,
              "fail": true,
              "pending": false,
              "context": null,
              "code": "utils.assertTagLine(data.js_error.tagLine);",
              "err": {
                "message": "TypeError: The following error originated from your application code, not from Cypress.\n\n  > Cannot read property 'xyz' of undefined\n\nWhen Cypress detects uncaught errors originating from your application it will automatically fail the current test.\n\nThis behavior is configurable, and you can choose to turn this off by listening to the `uncaught:exception` event.\n\nhttps://on.cypress.io/uncaught-exception-from-application\n\nBecause this error occurred during a `before each` hook we are skipping the remaining tests in the current suite: `JavaScript onload event error`",
                "estack": "TypeError: The following error originated from your application code, not from Cypress.\n\n  > Cannot read property 'xyz' of undefined\n\nWhen Cypress detects uncaught errors originating from your application it will automatically fail the current test.\n\nThis behavior is configurable, and you can choose to turn this off by listening to the `uncaught:exception` event.\n\nhttps://on.cypress.io/uncaught-exception-from-application\n\nBecause this error occurred during a `before each` hook we are skipping the remaining tests in the current suite: `JavaScript onload event error`\n    at loadError (http://the-internet.herokuapp.com/javascript_error:7:52)\n    at onload (http://the-internet.herokuapp.com/javascript_error:11:30)",
                "diff": null
              },
              "uuid": "905d4858-f102-4873-bd14-4b5fb920a354",
              "parentUUID": "1baf6f0f-19f1-4db2-b415-720d8a5612ff",
              "isHook": false,
              "skipped": false
            }
          ],
          "suites": [],
          "passes": [],
          "failures": [
            "905d4858-f102-4873-bd14-4b5fb920a354"
          ],
          "pending": [],
          "skipped": [],
          "duration": 997,
          "root": false,
          "rootEmpty": false,
          "_timeout": 2000
        }
      ],
      "passes": [],
      "failures": [],
      "pending": [],
      "skipped": [],
      "duration": 0,
      "root": true,
      "rootEmpty": true,
      "_timeout": 2000
    }
  ],
  "meta": {
    "mocha": {
      "version": "7.0.1"
    },
    "mochawesome": {
      "options": {
        "quiet": false,
        "reportFilename": "mochawesome",
        "saveHtml": false,
        "saveJson": true,
        "consoleReporter": "spec",
        "useInlineDiffs": false,
        "code": true
      },
      "version": "6.2.2"
    },
    "marge": {
      "options": {
        "overwrite": false,
        "html": false,
        "json": true
      },
      "version": "5.2.0"
    }
  }
}