{
  "stats": {
    "suites": 1,
    "tests": 3,
    "passes": 3,
    "pending": 0,
    "failures": 0,
    "start": "2021-06-17T07:55:43.249Z",
    "end": "2021-06-17T07:55:46.822Z",
    "duration": 3573,
    "testsRegistered": 3,
    "passPercent": 100,
    "pendingPercent": 0,
    "other": 0,
    "hasOther": false,
    "skipped": 0,
    "hasSkipped": false
  },
  "results": [
    {
      "uuid": "6ebaa0c9-4080-4d9c-8874-6488fec1675a",
      "title": "",
      "fullFile": "cypress/integration/herokuapp/file-download.spec.ts",
      "file": "cypress/integration/herokuapp/file-download.spec.ts",
      "beforeHooks": [],
      "afterHooks": [],
      "tests": [],
      "suites": [
        {
          "uuid": "f4d52667-44cd-4e5d-a68a-b677c9617511",
          "title": "File Downloader",
          "fullFile": "",
          "file": "",
          "beforeHooks": [],
          "afterHooks": [],
          "tests": [
            {
              "title": "should have the correct tagline",
              "fullTitle": "File Downloader should have the correct tagline",
              "timedOut": null,
              "duration": 1571,
              "state": "passed",
              "speed": "slow",
              "pass": true,
              "fail": false,
              "pending": false,
              "context": null,
              "code": "utils.assertTagLine(data.file_download.tagLine);",
              "err": {},
              "uuid": "0ee60eb5-f15f-43c9-b206-afccc0761543",
              "parentUUID": "f4d52667-44cd-4e5d-a68a-b677c9617511",
              "isHook": false,
              "skipped": false
            },
            {
              "title": "should download textFile.txt file",
              "fullTitle": "File Downloader should download textFile.txt file",
              "timedOut": null,
              "duration": 371,
              "state": "passed",
              "speed": "slow",
              "pass": true,
              "fail": false,
              "pending": false,
              "context": null,
              "code": "fileDownload.downloadFile('textFile.txt');\nfileDownload.readTxtFile('textFile.txt', data.file_download.fileTxt);",
              "err": {},
              "uuid": "f34fae7f-ffdb-4f73-89c8-b3352a0aba70",
              "parentUUID": "f4d52667-44cd-4e5d-a68a-b677c9617511",
              "isHook": false,
              "skipped": false
            },
            {
              "title": "should verify response headers",
              "fullTitle": "File Downloader should verify response headers",
              "timedOut": null,
              "duration": 1592,
              "state": "passed",
              "speed": "slow",
              "pass": true,
              "fail": false,
              "pending": false,
              "context": null,
              "code": "fileDownload.checkHeaders('sample.png');\nfileDownload.checkHeaders('textFile.txt');\nfileDownload.checkHeaders('some-file.txt');",
              "err": {},
              "uuid": "53c3c43a-f3be-4bd4-9d63-c96a5988c982",
              "parentUUID": "f4d52667-44cd-4e5d-a68a-b677c9617511",
              "isHook": false,
              "skipped": false
            }
          ],
          "suites": [],
          "passes": [
            "0ee60eb5-f15f-43c9-b206-afccc0761543",
            "f34fae7f-ffdb-4f73-89c8-b3352a0aba70",
            "53c3c43a-f3be-4bd4-9d63-c96a5988c982"
          ],
          "failures": [],
          "pending": [],
          "skipped": [],
          "duration": 3534,
          "root": false,
          "rootEmpty": false,
          "_timeout": 2000
        }
      ],
      "passes": [],
      "failures": [],
      "pending": [],
      "skipped": [],
      "duration": 0,
      "root": true,
      "rootEmpty": true,
      "_timeout": 2000
    }
  ],
  "meta": {
    "mocha": {
      "version": "7.0.1"
    },
    "mochawesome": {
      "options": {
        "quiet": false,
        "reportFilename": "mochawesome",
        "saveHtml": false,
        "saveJson": true,
        "consoleReporter": "spec",
        "useInlineDiffs": false,
        "code": true
      },
      "version": "6.2.2"
    },
    "marge": {
      "options": {
        "overwrite": false,
        "html": false,
        "json": true
      },
      "version": "5.2.0"
    }
  }
}