{
  "stats": {
    "suites": 1,
    "tests": 3,
    "passes": 3,
    "pending": 0,
    "failures": 0,
    "start": "2021-06-17T07:55:49.593Z",
    "end": "2021-06-17T07:55:52.151Z",
    "duration": 2558,
    "testsRegistered": 3,
    "passPercent": 100,
    "pendingPercent": 0,
    "other": 0,
    "hasOther": false,
    "skipped": 0,
    "hasSkipped": false
  },
  "results": [
    {
      "uuid": "238d5bbb-b80e-4d42-bd83-28c2621dd56d",
      "title": "",
      "fullFile": "cypress/integration/herokuapp/file-upload.spec.ts",
      "file": "cypress/integration/herokuapp/file-upload.spec.ts",
      "beforeHooks": [],
      "afterHooks": [],
      "tests": [],
      "suites": [
        {
          "uuid": "cbec1865-0aa3-4863-9386-c9b4fad838c9",
          "title": "File Uploader",
          "fullFile": "",
          "file": "",
          "beforeHooks": [],
          "afterHooks": [],
          "tests": [
            {
              "title": "should have the correct tagline",
              "fullTitle": "File Uploader should have the correct tagline",
              "timedOut": null,
              "duration": 1629,
              "state": "passed",
              "speed": "slow",
              "pass": true,
              "fail": false,
              "pending": false,
              "context": null,
              "code": "utils.assertTagLine(data.file_upload.tagLine);",
              "err": {},
              "uuid": "02874288-d567-4775-ad59-61028694ad00",
              "parentUUID": "cbec1865-0aa3-4863-9386-c9b4fad838c9",
              "isHook": false,
              "skipped": false
            },
            {
              "title": "should upload textFile.txt file",
              "fullTitle": "File Uploader should upload textFile.txt file",
              "timedOut": null,
              "duration": 465,
              "state": "passed",
              "speed": "slow",
              "pass": true,
              "fail": false,
              "pending": false,
              "context": null,
              "code": "fileUpload.uploadFile('textFile.txt');",
              "err": {},
              "uuid": "9df6ee24-8f93-4170-a7f2-5eb93f60c73d",
              "parentUUID": "cbec1865-0aa3-4863-9386-c9b4fad838c9",
              "isHook": false,
              "skipped": false
            },
            {
              "title": "should upload test-data.json file",
              "fullTitle": "File Uploader should upload test-data.json file",
              "timedOut": null,
              "duration": 433,
              "state": "passed",
              "speed": "slow",
              "pass": true,
              "fail": false,
              "pending": false,
              "context": null,
              "code": "fileUpload.uploadFile('test-data.json');",
              "err": {},
              "uuid": "88944889-96cc-482b-ad5c-db409af3d9ac",
              "parentUUID": "cbec1865-0aa3-4863-9386-c9b4fad838c9",
              "isHook": false,
              "skipped": false
            }
          ],
          "suites": [],
          "passes": [
            "02874288-d567-4775-ad59-61028694ad00",
            "9df6ee24-8f93-4170-a7f2-5eb93f60c73d",
            "88944889-96cc-482b-ad5c-db409af3d9ac"
          ],
          "failures": [],
          "pending": [],
          "skipped": [],
          "duration": 2527,
          "root": false,
          "rootEmpty": false,
          "_timeout": 2000
        }
      ],
      "passes": [],
      "failures": [],
      "pending": [],
      "skipped": [],
      "duration": 0,
      "root": true,
      "rootEmpty": true,
      "_timeout": 2000
    }
  ],
  "meta": {
    "mocha": {
      "version": "7.0.1"
    },
    "mochawesome": {
      "options": {
        "quiet": false,
        "reportFilename": "mochawesome",
        "saveHtml": false,
        "saveJson": true,
        "consoleReporter": "spec",
        "useInlineDiffs": false,
        "code": true
      },
      "version": "6.2.2"
    },
    "marge": {
      "options": {
        "overwrite": false,
        "html": false,
        "json": true
      },
      "version": "5.2.0"
    }
  }
}