{
  "stats": {
    "suites": 1,
    "tests": 2,
    "passes": 2,
    "pending": 0,
    "failures": 0,
    "start": "2021-06-17T07:54:08.162Z",
    "end": "2021-06-17T07:54:10.220Z",
    "duration": 2058,
    "testsRegistered": 2,
    "passPercent": 100,
    "pendingPercent": 0,
    "other": 0,
    "hasOther": false,
    "skipped": 0,
    "hasSkipped": false
  },
  "results": [
    {
      "uuid": "f02e187d-3134-4b58-9ed0-14bb122db330",
      "title": "",
      "fullFile": "cypress/integration/herokuapp/broken-images.spec.ts",
      "file": "cypress/integration/herokuapp/broken-images.spec.ts",
      "beforeHooks": [],
      "afterHooks": [],
      "tests": [],
      "suites": [
        {
          "uuid": "9207caa1-765e-479f-ab1b-d9d9560673e1",
          "title": "Broken Images",
          "fullFile": "",
          "file": "",
          "beforeHooks": [],
          "afterHooks": [],
          "tests": [
            {
              "title": "should have the correct tag line",
              "fullTitle": "Broken Images should have the correct tag line",
              "timedOut": null,
              "duration": 1646,
              "state": "passed",
              "speed": "slow",
              "pass": true,
              "fail": false,
              "pending": false,
              "context": null,
              "code": "utils.assertTagLine(data.broken_images.tagLine);",
              "err": {},
              "uuid": "721bf410-a839-4f73-86d7-a354e63a8d24",
              "parentUUID": "9207caa1-765e-479f-ab1b-d9d9560673e1",
              "isHook": false,
              "skipped": false
            },
            {
              "title": "should check the first two images are broken and the third is NOT",
              "fullTitle": "Broken Images should check the first two images are broken and the third is NOT",
              "timedOut": null,
              "duration": 382,
              "state": "passed",
              "speed": "slow",
              "pass": true,
              "fail": false,
              "pending": false,
              "context": null,
              "code": "images.nthImageIsBroken(0);\nimages.nthImageIsBroken(1);\nimages.nthImageIsIsNotBroken(2);",
              "err": {},
              "uuid": "35c2b50f-2c2f-43eb-92fc-b1944df1c986",
              "parentUUID": "9207caa1-765e-479f-ab1b-d9d9560673e1",
              "isHook": false,
              "skipped": false
            }
          ],
          "suites": [],
          "passes": [
            "721bf410-a839-4f73-86d7-a354e63a8d24",
            "35c2b50f-2c2f-43eb-92fc-b1944df1c986"
          ],
          "failures": [],
          "pending": [],
          "skipped": [],
          "duration": 2028,
          "root": false,
          "rootEmpty": false,
          "_timeout": 2000
        }
      ],
      "passes": [],
      "failures": [],
      "pending": [],
      "skipped": [],
      "duration": 0,
      "root": true,
      "rootEmpty": true,
      "_timeout": 2000
    }
  ],
  "meta": {
    "mocha": {
      "version": "7.0.1"
    },
    "mochawesome": {
      "options": {
        "quiet": false,
        "reportFilename": "mochawesome",
        "saveHtml": false,
        "saveJson": true,
        "consoleReporter": "spec",
        "useInlineDiffs": false,
        "code": true
      },
      "version": "6.2.2"
    },
    "marge": {
      "options": {
        "overwrite": false,
        "html": false,
        "json": true
      },
      "version": "5.2.0"
    }
  }
}