{
  "stats": {
    "suites": 3,
    "tests": 3,
    "passes": 3,
    "pending": 0,
    "failures": 0,
    "start": "2021-06-17T07:55:18.294Z",
    "end": "2021-06-17T07:55:30.893Z",
    "duration": 12599,
    "testsRegistered": 3,
    "passPercent": 100,
    "pendingPercent": 0,
    "other": 0,
    "hasOther": false,
    "skipped": 0,
    "hasSkipped": false
  },
  "results": [
    {
      "uuid": "6d43a2b2-667d-4611-b9db-8d9fe071bf3e",
      "title": "",
      "fullFile": "cypress/integration/herokuapp/dynamic-loading.spec.ts",
      "file": "cypress/integration/herokuapp/dynamic-loading.spec.ts",
      "beforeHooks": [],
      "afterHooks": [],
      "tests": [],
      "suites": [
        {
          "uuid": "ab9a6cc0-39dc-48ce-a18a-8907eeb63762",
          "title": "Dynamically Loaded Page Elements",
          "fullFile": "",
          "file": "",
          "beforeHooks": [],
          "afterHooks": [],
          "tests": [
            {
              "title": "should have the correct tagline",
              "fullTitle": "Dynamically Loaded Page Elements should have the correct tagline",
              "timedOut": null,
              "duration": 1440,
              "state": "passed",
              "speed": "slow",
              "pass": true,
              "fail": false,
              "pending": false,
              "context": null,
              "code": "utils.assertTagLine(data.dynamic_loading.tagLine);",
              "err": {},
              "uuid": "2e64a6f8-f827-4a96-9cb7-bdf559f51228",
              "parentUUID": "ab9a6cc0-39dc-48ce-a18a-8907eeb63762",
              "isHook": false,
              "skipped": false
            }
          ],
          "suites": [
            {
              "uuid": "3fb9b4da-dc28-4fd1-b923-4b88dbf74899",
              "title": "Example 1",
              "fullFile": "",
              "file": "",
              "beforeHooks": [],
              "afterHooks": [],
              "tests": [
                {
                  "title": "should click start to see the message",
                  "fullTitle": "Dynamically Loaded Page Elements Example 1 should click start to see the message",
                  "timedOut": null,
                  "duration": 5515,
                  "state": "passed",
                  "speed": "slow",
                  "pass": true,
                  "fail": false,
                  "pending": false,
                  "context": null,
                  "code": "dynamic.goToExample(1);\ndynamic.getStartButton().should('be.visible');\ndynamic.getFinishElement().should('be.hidden');\nutils.clickOn(dynamic.getStartButton());\ndynamic.getFinishElement().should('be.visible').and('have.text', 'Hello World!');",
                  "err": {},
                  "uuid": "f5799621-5dd0-4b74-8e86-05557eaaebee",
                  "parentUUID": "3fb9b4da-dc28-4fd1-b923-4b88dbf74899",
                  "isHook": false,
                  "skipped": false
                }
              ],
              "suites": [],
              "passes": [
                "f5799621-5dd0-4b74-8e86-05557eaaebee"
              ],
              "failures": [],
              "pending": [],
              "skipped": [],
              "duration": 5515,
              "root": false,
              "rootEmpty": false,
              "_timeout": 2000
            },
            {
              "uuid": "26666d13-12c0-4ecd-b2c0-5eba2038f595",
              "title": "Example 2",
              "fullFile": "",
              "file": "",
              "beforeHooks": [],
              "afterHooks": [],
              "tests": [
                {
                  "title": "should click start to see the message",
                  "fullTitle": "Dynamically Loaded Page Elements Example 2 should click start to see the message",
                  "timedOut": null,
                  "duration": 5604,
                  "state": "passed",
                  "speed": "slow",
                  "pass": true,
                  "fail": false,
                  "pending": false,
                  "context": null,
                  "code": "dynamic.goToExample(2);\ndynamic.getStartButton().should('be.visible');\ndynamic.getFinishElement().should('not.exist');\nutils.clickOn(dynamic.getStartButton());\ndynamic.getFinishElement().should('be.visible').and('have.text', 'Hello World!');",
                  "err": {},
                  "uuid": "309637b2-abe3-47e5-a7ec-675dfec6f6f0",
                  "parentUUID": "26666d13-12c0-4ecd-b2c0-5eba2038f595",
                  "isHook": false,
                  "skipped": false
                }
              ],
              "suites": [],
              "passes": [
                "309637b2-abe3-47e5-a7ec-675dfec6f6f0"
              ],
              "failures": [],
              "pending": [],
              "skipped": [],
              "duration": 5604,
              "root": false,
              "rootEmpty": false,
              "_timeout": 2000
            }
          ],
          "passes": [
            "2e64a6f8-f827-4a96-9cb7-bdf559f51228"
          ],
          "failures": [],
          "pending": [],
          "skipped": [],
          "duration": 1440,
          "root": false,
          "rootEmpty": false,
          "_timeout": 2000
        }
      ],
      "passes": [],
      "failures": [],
      "pending": [],
      "skipped": [],
      "duration": 0,
      "root": true,
      "rootEmpty": true,
      "_timeout": 2000
    }
  ],
  "meta": {
    "mocha": {
      "version": "7.0.1"
    },
    "mochawesome": {
      "options": {
        "quiet": false,
        "reportFilename": "mochawesome",
        "saveHtml": false,
        "saveJson": true,
        "consoleReporter": "spec",
        "useInlineDiffs": false,
        "code": true
      },
      "version": "6.2.2"
    },
    "marge": {
      "options": {
        "overwrite": false,
        "html": false,
        "json": true
      },
      "version": "5.2.0"
    }
  }
}