{
  "stats": {
    "suites": 1,
    "tests": 2,
    "passes": 2,
    "pending": 0,
    "failures": 0,
    "start": "2021-06-17T07:56:44.558Z",
    "end": "2021-06-17T07:56:47.212Z",
    "duration": 2654,
    "testsRegistered": 2,
    "passPercent": 100,
    "pendingPercent": 0,
    "other": 0,
    "hasOther": false,
    "skipped": 0,
    "hasSkipped": false
  },
  "results": [
    {
      "uuid": "39517f2e-162e-40bc-a7c2-dfeb640f140c",
      "title": "",
      "fullFile": "cypress/integration/herokuapp/inputs.spec.ts",
      "file": "cypress/integration/herokuapp/inputs.spec.ts",
      "beforeHooks": [],
      "afterHooks": [],
      "tests": [],
      "suites": [
        {
          "uuid": "88d6559a-5860-4cd7-9c1b-bace5b472e21",
          "title": "Inputs",
          "fullFile": "",
          "file": "",
          "beforeHooks": [],
          "afterHooks": [],
          "tests": [
            {
              "title": "should have the correct tagline",
              "fullTitle": "Inputs should have the correct tagline",
              "timedOut": null,
              "duration": 1520,
              "state": "passed",
              "speed": "slow",
              "pass": true,
              "fail": false,
              "pending": false,
              "context": null,
              "code": "utils.assertTagLine(data.inputs.tagLine);",
              "err": {},
              "uuid": "2268d1af-0f5c-4c0a-a204-2abb46bbe146",
              "parentUUID": "88d6559a-5860-4cd7-9c1b-bace5b472e21",
              "isHook": false,
              "skipped": false
            },
            {
              "title": "should only accept numbers",
              "fullTitle": "Inputs should only accept numbers",
              "timedOut": null,
              "duration": 1104,
              "state": "passed",
              "speed": "slow",
              "pass": true,
              "fail": false,
              "pending": false,
              "context": null,
              "code": "utils.type('asdasdas1223f', inputs.getInput());\ninputs.getInput().should('have.value', '1223');\ninputs.getInput().clear();\nutils.type('123', inputs.getInput());\ninputs.getInput().should('have.value', '123');\ninputs.getInput().clear();\nutils.type('abcdefghijk', inputs.getInput());\ninputs.getInput().should('have.value', '');",
              "err": {},
              "uuid": "70c3e4f4-90cf-449d-bdf0-04e240ea49c5",
              "parentUUID": "88d6559a-5860-4cd7-9c1b-bace5b472e21",
              "isHook": false,
              "skipped": false
            }
          ],
          "suites": [],
          "passes": [
            "2268d1af-0f5c-4c0a-a204-2abb46bbe146",
            "70c3e4f4-90cf-449d-bdf0-04e240ea49c5"
          ],
          "failures": [],
          "pending": [],
          "skipped": [],
          "duration": 2624,
          "root": false,
          "rootEmpty": false,
          "_timeout": 2000
        }
      ],
      "passes": [],
      "failures": [],
      "pending": [],
      "skipped": [],
      "duration": 0,
      "root": true,
      "rootEmpty": true,
      "_timeout": 2000
    }
  ],
  "meta": {
    "mocha": {
      "version": "7.0.1"
    },
    "mochawesome": {
      "options": {
        "quiet": false,
        "reportFilename": "mochawesome",
        "saveHtml": false,
        "saveJson": true,
        "consoleReporter": "spec",
        "useInlineDiffs": false,
        "code": true
      },
      "version": "6.2.2"
    },
    "marge": {
      "options": {
        "overwrite": false,
        "html": false,
        "json": true
      },
      "version": "5.2.0"
    }
  }
}