{
  "stats": {
    "suites": 1,
    "tests": 3,
    "passes": 3,
    "pending": 0,
    "failures": 0,
    "start": "2021-06-17T07:55:34.380Z",
    "end": "2021-06-17T07:55:40.200Z",
    "duration": 5820,
    "testsRegistered": 3,
    "passPercent": 100,
    "pendingPercent": 0,
    "other": 0,
    "hasOther": false,
    "skipped": 0,
    "hasSkipped": false
  },
  "results": [
    {
      "uuid": "fdef128c-1183-4101-bbe1-610c4aa20eed",
      "title": "",
      "fullFile": "cypress/integration/herokuapp/entry-ad.spec.ts",
      "file": "cypress/integration/herokuapp/entry-ad.spec.ts",
      "beforeHooks": [],
      "afterHooks": [],
      "tests": [],
      "suites": [
        {
          "uuid": "d0b499f5-0845-4402-849c-c8c09d3333f9",
          "title": "Entry Ad",
          "fullFile": "",
          "file": "",
          "beforeHooks": [],
          "afterHooks": [],
          "tests": [
            {
              "title": "should have the correct tagline",
              "fullTitle": "Entry Ad should have the correct tagline",
              "timedOut": null,
              "duration": 1471,
              "state": "passed",
              "speed": "slow",
              "pass": true,
              "fail": false,
              "pending": false,
              "context": null,
              "code": "utils.assertTagLine(data.entry_ad.tagLine);",
              "err": {},
              "uuid": "4cfe0fe3-cb12-4450-a0bf-649bcab5335b",
              "parentUUID": "d0b499f5-0845-4402-849c-c8c09d3333f9",
              "isHook": false,
              "skipped": false
            },
            {
              "title": "should close modal",
              "fullTitle": "Entry Ad should close modal",
              "timedOut": null,
              "duration": 1092,
              "state": "passed",
              "speed": "slow",
              "pass": true,
              "fail": false,
              "pending": false,
              "context": null,
              "code": "entryAd.closeModal();\nentryAd.getCloseModalButton().should('not.be.visible');",
              "err": {},
              "uuid": "170769ec-a22c-40ae-98a3-cfede6906b12",
              "parentUUID": "d0b499f5-0845-4402-849c-c8c09d3333f9",
              "isHook": false,
              "skipped": false
            },
            {
              "title": "should open modal via click",
              "fullTitle": "Entry Ad should open modal via click",
              "timedOut": null,
              "duration": 3217,
              "state": "passed",
              "speed": "slow",
              "pass": true,
              "fail": false,
              "pending": false,
              "context": null,
              "code": "entryAd.closeModal();\nentryAd.restartAd();\nentryAd.getCloseModalButton().should('be.visible');",
              "err": {},
              "uuid": "1f4d6a29-c8a0-4680-94ca-64dc8d89e5f8",
              "parentUUID": "d0b499f5-0845-4402-849c-c8c09d3333f9",
              "isHook": false,
              "skipped": false
            }
          ],
          "suites": [],
          "passes": [
            "4cfe0fe3-cb12-4450-a0bf-649bcab5335b",
            "170769ec-a22c-40ae-98a3-cfede6906b12",
            "1f4d6a29-c8a0-4680-94ca-64dc8d89e5f8"
          ],
          "failures": [],
          "pending": [],
          "skipped": [],
          "duration": 5780,
          "root": false,
          "rootEmpty": false,
          "_timeout": 2000
        }
      ],
      "passes": [],
      "failures": [],
      "pending": [],
      "skipped": [],
      "duration": 0,
      "root": true,
      "rootEmpty": true,
      "_timeout": 2000
    }
  ],
  "meta": {
    "mocha": {
      "version": "7.0.1"
    },
    "mochawesome": {
      "options": {
        "quiet": false,
        "reportFilename": "mochawesome",
        "saveHtml": false,
        "saveJson": true,
        "consoleReporter": "spec",
        "useInlineDiffs": false,
        "code": true
      },
      "version": "6.2.2"
    },
    "marge": {
      "options": {
        "overwrite": false,
        "html": false,
        "json": true
      },
      "version": "5.2.0"
    }
  }
}